<?xml version="1.0" encoding="UTF-8"?>
<!-- Generated by org.testng.reporters.JUnitReportReporter -->
<testsuite hostname="DESKTOP-0ASQELT" failures="0" tests="2" name="test.ActitimeloginLogout" time="103.536" errors="0" timestamp="2022-10-16T14:58:24 IST" skipped="0">
  <testcase classname="test.ActitimeloginLogout" name="login" time="52.541"/>
  <system-out/>
  <testcase classname="test.ActitimeloginLogout" name="login" time="50.995"/>
  <system-out/>
</testsuite> <!-- test.ActitimeloginLogout -->
